[D2D] size:        4 KB     cached copy rate:   1.359288 GB/s
[D2D] size:        8 KB     cached copy rate:   1.737520 GB/s
[D2D] size:       16 KB     cached copy rate:   2.404608 GB/s
[D2D] size:       32 KB     cached copy rate:   3.812056 GB/s
[D2D] size:       64 KB     cached copy rate:   6.615364 GB/s
[D2D] size:      128 KB     cached copy rate:  11.636305 GB/s
[D2D] size:      256 KB     cached copy rate:  22.012371 GB/s
[D2D] size:     4096 KB     cached copy rate: 182.055312 GB/s
[H2D] size:        4 KB     cached copy rate:   1.068120 GB/s
[H2D] size:        8 KB     cached copy rate:   1.135687 GB/s
[H2D] size:       16 KB     cached copy rate:   1.271302 GB/s
[H2D] size:       32 KB     cached copy rate:   1.534672 GB/s
[H2D] size:       64 KB     cached copy rate:   2.026496 GB/s
[H2D] size:      128 KB     cached copy rate:   2.911558 GB/s
[H2D] size:      256 KB     cached copy rate:   4.311274 GB/s
[H2D] size:     4096 KB     cached copy rate:  11.313593 GB/s
[D2H] size:        4 KB     cached copy rate:   1.068210 GB/s
[D2H] size:        8 KB     cached copy rate:   1.136357 GB/s
[D2H] size:       16 KB     cached copy rate:   1.272610 GB/s
[D2H] size:       32 KB     cached copy rate:   1.529265 GB/s
[D2H] size:       64 KB     cached copy rate:   2.009051 GB/s
[D2H] size:      128 KB     cached copy rate:   2.843367 GB/s
[D2H] size:      256 KB     cached copy rate:   4.193925 GB/s
[D2H] size:     4096 KB     cached copy rate:   9.950480 GB/s
