[D2D] size:        1 MB     cached copy rate:  26.821505 GB/s
[D2D] size:        2 MB     cached copy rate:  36.004526 GB/s
[D2D] size:        4 MB     cached copy rate:  40.474504 GB/s
[D2D] size:        8 MB     cached copy rate:  42.592166 GB/s
[D2D] size:       16 MB     cached copy rate:  44.750013 GB/s
[D2D] size:       32 MB     cached copy rate:  48.284344 GB/s
[D2D] size:       64 MB     cached copy rate: 961.279780 GB/s
[D2D] size:      128 MB     cached copy rate: 1821.618040 GB/s
[D2D] size:      256 MB     cached copy rate: 4046.054051 GB/s
[D2D] size:      512 MB     cached copy rate: 7302.726762 GB/s
[H2D] size:        1 MB     cached copy rate:   5.983667 GB/s
[H2D] size:        2 MB     cached copy rate:   8.614945 GB/s
[H2D] size:        4 MB     cached copy rate:  10.646537 GB/s
[H2D] size:        8 MB     cached copy rate:  11.243435 GB/s
[H2D] size:       16 MB     cached copy rate:  12.065858 GB/s
[H2D] size:       32 MB     cached copy rate:  13.307383 GB/s
[H2D] size:       64 MB     cached copy rate: 280.918931 GB/s
[H2D] size:      128 MB     cached copy rate: 465.678859 GB/s
[H2D] size:      256 MB     cached copy rate: 522.054484 GB/s
[H2D] size:      512 MB     cached copy rate: 580.170799 GB/s
[D2H] size:        1 MB     cached copy rate:   6.056197 GB/s
[D2H] size:        2 MB     cached copy rate:   8.991134 GB/s
[D2H] size:        4 MB     cached copy rate:  10.996979 GB/s
[D2H] size:        8 MB     cached copy rate:  11.561752 GB/s
[D2H] size:       16 MB     cached copy rate:  12.805879 GB/s
[D2H] size:       32 MB     cached copy rate:  13.229220 GB/s
[D2H] size:       64 MB     cached copy rate: 182.167243 GB/s
[D2H] size:      128 MB     cached copy rate: 237.669601 GB/s
[D2H] size:      256 MB     cached copy rate: 276.807784 GB/s
[D2H] size:      512 MB     cached copy rate: 421.964992 GB/s
