[D2D] size:        4 KB     cached copy rate:   0.302770 GB/s
[D2D] size:        8 KB     cached copy rate:   0.622094 GB/s
[D2D] size:       16 KB     cached copy rate:   1.273629 GB/s
[D2D] size:       32 KB     cached copy rate:   2.487014 GB/s
[D2D] size:       64 KB     cached copy rate:   4.664838 GB/s
[D2D] size:      128 KB     cached copy rate:   8.700206 GB/s
[D2D] size:      256 KB     cached copy rate:  14.958417 GB/s
[D2D] size:      512 KB     cached copy rate:  23.407006 GB/s
[D2D] size:     1024 KB     cached copy rate:  31.685974 GB/s
[D2D] size:     2048 KB     cached copy rate:  40.289131 GB/s
[D2D] size:     4096 KB     cached copy rate:  42.780729 GB/s
[D2D] size:     8192 KB     cached copy rate:  42.652847 GB/s
[D2D] size:    16384 KB     cached copy rate:  44.723804 GB/s
[D2D] size:    32768 KB     cached copy rate:  48.396205 GB/s
[D2D] size:    65535 KB     cached copy rate:  45.072236 GB/s
[D2D] size:    65535 KB     cached copy rate:  45.223815 GB/s
[D2D] size:    65535 KB     cached copy rate:  45.246745 GB/s
[D2D] size:    65535 KB     cached copy rate:  45.144975 GB/s
[H2D] size:        4 KB     cached copy rate:   0.065431 GB/s
[H2D] size:        8 KB     cached copy rate:   0.132435 GB/s
[H2D] size:       16 KB     cached copy rate:   0.266465 GB/s
[H2D] size:       32 KB     cached copy rate:   0.516958 GB/s
[H2D] size:       64 KB     cached copy rate:   0.995807 GB/s
[H2D] size:      128 KB     cached copy rate:   1.858626 GB/s
[H2D] size:      256 KB     cached copy rate:   3.273398 GB/s
[H2D] size:      512 KB     cached copy rate:   4.763143 GB/s
[H2D] size:     1024 KB     cached copy rate:   6.204740 GB/s
[H2D] size:     2048 KB     cached copy rate:   8.658974 GB/s
[H2D] size:     4096 KB     cached copy rate:  10.332109 GB/s
[H2D] size:     8192 KB     cached copy rate:  11.863943 GB/s
[H2D] size:    16384 KB     cached copy rate:  12.335983 GB/s
[H2D] size:    32768 KB     cached copy rate:  13.085151 GB/s
[H2D] size:    65535 KB     cached copy rate:  13.359447 GB/s
[H2D] size:    65535 KB     cached copy rate:  13.335520 GB/s
[H2D] size:    65535 KB     cached copy rate:  13.351706 GB/s
[H2D] size:    65535 KB     cached copy rate:  13.457736 GB/s
[D2H] size:        4 KB     cached copy rate:   0.065614 GB/s
[D2H] size:        8 KB     cached copy rate:   0.132676 GB/s
[D2H] size:       16 KB     cached copy rate:   0.263979 GB/s
[D2H] size:       32 KB     cached copy rate:   0.521127 GB/s
[D2H] size:       64 KB     cached copy rate:   1.005211 GB/s
[D2H] size:      128 KB     cached copy rate:   1.871335 GB/s
[D2H] size:      256 KB     cached copy rate:   3.290276 GB/s
[D2H] size:      512 KB     cached copy rate:   4.756716 GB/s
[D2H] size:     1024 KB     cached copy rate:   6.307795 GB/s
[D2H] size:     2048 KB     cached copy rate:   8.823107 GB/s
[D2H] size:     4096 KB     cached copy rate:  10.582898 GB/s
[D2H] size:     8192 KB     cached copy rate:  11.807048 GB/s
[D2H] size:    16384 KB     cached copy rate:  12.809033 GB/s
[D2H] size:    32768 KB     cached copy rate:  13.124515 GB/s
[D2H] size:    65535 KB     cached copy rate:  13.649282 GB/s
[D2H] size:    65535 KB     cached copy rate:  13.692114 GB/s
[D2H] size:    65535 KB     cached copy rate:  13.660944 GB/s
[D2H] size:    65535 KB     cached copy rate:  13.316356 GB/s
