[D2D] size:        4 KB     cached copy rate:   0.529712 GB/s
[D2D] size:        8 KB     cached copy rate:   1.060685 GB/s
[D2D] size:       16 KB     cached copy rate:   2.108892 GB/s
[D2D] size:       32 KB     cached copy rate:   4.041998 GB/s
[D2D] size:       64 KB     cached copy rate:   7.266414 GB/s
[D2D] size:      128 KB     cached copy rate:  12.432043 GB/s
[D2D] size:      256 KB     cached copy rate:  19.025838 GB/s
[D2D] size:      512 KB     cached copy rate:  25.924524 GB/s
[D2D] size:     1024 KB     cached copy rate:  30.552202 GB/s
[D2D] size:     2048 KB     cached copy rate:  34.267134 GB/s
[D2D] size:     4096 KB     cached copy rate:  36.969334 GB/s
[D2D] size:     8192 KB     cached copy rate:  38.730598 GB/s
[D2D] size:    16384 KB     cached copy rate:  39.731632 GB/s
[D2D] size:    32768 KB     cached copy rate:  40.250866 GB/s
[D2D] size:    65536 KB     cached copy rate:  40.190002 GB/s
[D2D] size:   131072 KB     cached copy rate:  40.472631 GB/s
[D2D] size:   262144 KB     cached copy rate:  40.601874 GB/s
[D2D] size:   524288 KB     cached copy rate:  40.906454 GB/s
[H2D] size:        4 KB     cached copy rate:   0.532658 GB/s
[H2D] size:        8 KB     cached copy rate:   1.037149 GB/s
[H2D] size:       16 KB     cached copy rate:   1.896114 GB/s
[H2D] size:       32 KB     cached copy rate:   3.389000 GB/s
[H2D] size:       64 KB     cached copy rate:   5.452250 GB/s
[H2D] size:      128 KB     cached copy rate:   7.868804 GB/s
[H2D] size:      256 KB     cached copy rate:   9.886944 GB/s
[H2D] size:      512 KB     cached copy rate:  11.784684 GB/s
[H2D] size:     1024 KB     cached copy rate:  12.425152 GB/s
[H2D] size:     2048 KB     cached copy rate:  13.214656 GB/s
[H2D] size:     4096 KB     cached copy rate:  13.605426 GB/s
[H2D] size:     8192 KB     cached copy rate:  13.883296 GB/s
[H2D] size:    16384 KB     cached copy rate:  13.989881 GB/s
[H2D] size:    32768 KB     cached copy rate:  14.079876 GB/s
[H2D] size:    65536 KB     cached copy rate:  14.033502 GB/s
[H2D] size:   131072 KB     cached copy rate:  14.110384 GB/s
[H2D] size:   262144 KB     cached copy rate:  14.100043 GB/s
[H2D] size:   524288 KB     cached copy rate:  14.030167 GB/s
[D2H] size:        4 KB     cached copy rate:   0.545749 GB/s
[D2H] size:        8 KB     cached copy rate:   1.042591 GB/s
[D2H] size:       16 KB     cached copy rate:   1.984158 GB/s
[D2H] size:       32 KB     cached copy rate:   3.514172 GB/s
[D2H] size:       64 KB     cached copy rate:   5.627050 GB/s
[D2H] size:      128 KB     cached copy rate:   8.097521 GB/s
[D2H] size:      256 KB     cached copy rate:  10.186724 GB/s
[D2H] size:      512 KB     cached copy rate:  11.958503 GB/s
[D2H] size:     1024 KB     cached copy rate:  12.586126 GB/s
[D2H] size:     2048 KB     cached copy rate:  13.377748 GB/s
[D2H] size:     4096 KB     cached copy rate:  13.688314 GB/s
[D2H] size:     8192 KB     cached copy rate:  14.032463 GB/s
[D2H] size:    16384 KB     cached copy rate:  14.077149 GB/s
[D2H] size:    32768 KB     cached copy rate:  14.200681 GB/s
[D2H] size:    65536 KB     cached copy rate:  14.161931 GB/s
[D2H] size:   131072 KB     cached copy rate:  14.225036 GB/s
[D2H] size:   262144 KB     cached copy rate:  14.012053 GB/s
[D2H] size:   524288 KB     cached copy rate:  14.246844 GB/s
