[D2D] size:        1 MB     cached copy rate:  30.438371 GB/s
[D2D] size:        2 MB     cached copy rate:  33.836438 GB/s
[D2D] size:        4 MB     cached copy rate:  36.778107 GB/s
[D2D] size:        8 MB     cached copy rate:  38.651685 GB/s
[D2D] size:       16 MB     cached copy rate:  39.688190 GB/s
[D2D] size:       32 MB     cached copy rate:  40.215045 GB/s
[D2D] size:       64 MB     cached copy rate:  40.163256 GB/s
[D2D] size:      128 MB     cached copy rate:  40.468330 GB/s
[D2D] size:      256 MB     cached copy rate:  40.606278 GB/s
[D2D] size:      512 MB     cached copy rate:  41.107940 GB/s
[H2D] size:        1 MB     cached copy rate:  12.472750 GB/s
[H2D] size:        2 MB     cached copy rate:  13.200038 GB/s
[H2D] size:        4 MB     cached copy rate:  13.609190 GB/s
[H2D] size:        8 MB     cached copy rate:  13.880654 GB/s
[H2D] size:       16 MB     cached copy rate:  13.988189 GB/s
[H2D] size:       32 MB     cached copy rate:  14.055838 GB/s
[H2D] size:       64 MB     cached copy rate:  14.039494 GB/s
[H2D] size:      128 MB     cached copy rate:  14.095324 GB/s
[H2D] size:      256 MB     cached copy rate:  14.106186 GB/s
[H2D] size:      512 MB     cached copy rate:  14.109171 GB/s
[D2H] size:        1 MB     cached copy rate:  12.765297 GB/s
[D2H] size:        2 MB     cached copy rate:  13.351580 GB/s
[D2H] size:        4 MB     cached copy rate:  13.697742 GB/s
[D2H] size:        8 MB     cached copy rate:  13.796904 GB/s
[D2H] size:       16 MB     cached copy rate:  14.069755 GB/s
[D2H] size:       32 MB     cached copy rate:  14.176656 GB/s
[D2H] size:       64 MB     cached copy rate:  14.162814 GB/s
[D2H] size:      128 MB     cached copy rate:  14.216120 GB/s
[D2H] size:      256 MB     cached copy rate:  14.247462 GB/s
[D2H] size:      512 MB     cached copy rate:  14.259408 GB/s
