[D2D] size:        1 MB     cached copy rate:  29.991148 GB/s
[D2D] size:        2 MB     cached copy rate:  34.488150 GB/s
[D2D] size:        4 MB     cached copy rate:  36.877330 GB/s
[D2D] size:        8 MB     cached copy rate:  29.604907 GB/s
[D2D] size:       16 MB     cached copy rate:  30.045136 GB/s
[D2D] size:       32 MB     cached copy rate:  34.155751 GB/s
[D2D] size:       64 MB     cached copy rate:  36.197823 GB/s
[D2D] size:      128 MB     cached copy rate:  38.514332 GB/s
[D2D] size:      256 MB     cached copy rate:  39.563097 GB/s
[D2D] size:      512 MB     cached copy rate:  40.406888 GB/s
[H2D] size:        1 MB     cached copy rate:   4.572790 GB/s
[H2D] size:        2 MB     cached copy rate:   8.941157 GB/s
[H2D] size:        4 MB     cached copy rate:   8.570655 GB/s
[H2D] size:        8 MB     cached copy rate:   8.455852 GB/s
[H2D] size:       16 MB     cached copy rate:  10.599801 GB/s
[H2D] size:       32 MB     cached copy rate:  11.041279 GB/s
[H2D] size:       64 MB     cached copy rate:  11.885603 GB/s
[H2D] size:      128 MB     cached copy rate:  13.253714 GB/s
[H2D] size:      256 MB     cached copy rate:  13.400575 GB/s
[H2D] size:      512 MB     cached copy rate:  13.614820 GB/s
[D2H] size:        1 MB     cached copy rate:   4.743041 GB/s
[D2H] size:        2 MB     cached copy rate:   8.081313 GB/s
[D2H] size:        4 MB     cached copy rate:   9.096105 GB/s
[D2H] size:        8 MB     cached copy rate:   8.453188 GB/s
[D2H] size:       16 MB     cached copy rate:  11.085167 GB/s
[D2H] size:       32 MB     cached copy rate:  12.068136 GB/s
[D2H] size:       64 MB     cached copy rate:  13.306199 GB/s
[D2H] size:      128 MB     cached copy rate:  13.692555 GB/s
[D2H] size:      256 MB     cached copy rate:  13.633440 GB/s
[D2H] size:      512 MB     cached copy rate:  13.835880 GB/s
