[D2D] size:        4 KB     cached copy rate:   0.359287 GB/s
[D2D] size:        8 KB     cached copy rate:   0.737520 GB/s
[D2D] size:       16 KB     cached copy rate:   1.404608 GB/s
[D2D] size:       32 KB     cached copy rate:   2.812056 GB/s
[D2D] size:       64 KB     cached copy rate:   5.615364 GB/s
[D2D] size:      128 KB     cached copy rate:  10.636305 GB/s
[D2D] size:      256 KB     cached copy rate:  21.012371 GB/s
[D2D] size:     4096 KB     cached copy rate: 181.055312 GB/s
[H2D] size:        4 KB     cached copy rate:   0.068120 GB/s
[H2D] size:        8 KB     cached copy rate:   0.135687 GB/s
[H2D] size:       16 KB     cached copy rate:   0.271302 GB/s
[H2D] size:       32 KB     cached copy rate:   0.534672 GB/s
[H2D] size:       64 KB     cached copy rate:   1.026496 GB/s
[H2D] size:      128 KB     cached copy rate:   1.911558 GB/s
[H2D] size:      256 KB     cached copy rate:   3.311274 GB/s
[H2D] size:     4096 KB     cached copy rate:  10.313593 GB/s
[D2H] size:        4 KB     cached copy rate:   0.068210 GB/s
[D2H] size:        8 KB     cached copy rate:   0.136357 GB/s
[D2H] size:       16 KB     cached copy rate:   0.272610 GB/s
[D2H] size:       32 KB     cached copy rate:   0.529265 GB/s
[D2H] size:       64 KB     cached copy rate:   1.009051 GB/s
[D2H] size:      128 KB     cached copy rate:   1.843367 GB/s
[D2H] size:      256 KB     cached copy rate:   3.193925 GB/s
[D2H] size:     4096 KB     cached copy rate:   8.950480 GB/s
