[D2D] size:        4 KB     cached copy rate:   0.560833 GB/s
[D2D] size:        8 KB     cached copy rate:   1.154904 GB/s
[D2D] size:       16 KB     cached copy rate:   2.182784 GB/s
[D2D] size:       32 KB     cached copy rate:   4.220627 GB/s
[D2D] size:       64 KB     cached copy rate:   7.723872 GB/s
[D2D] size:      128 KB     cached copy rate:  13.019897 GB/s
[D2D] size:      256 KB     cached copy rate:  19.356675 GB/s
[D2D] size:      512 KB     cached copy rate:  26.817006 GB/s
[D2D] size:     1024 KB     cached copy rate:  30.930533 GB/s
[D2D] size:     2048 KB     cached copy rate:  34.662524 GB/s
[D2D] size:     4096 KB     cached copy rate:  37.211405 GB/s
[D2D] size:     8192 KB     cached copy rate:  33.257324 GB/s
[D2D] size:    16384 KB     cached copy rate:  28.099433 GB/s
[D2D] size:    32768 KB     cached copy rate:  33.176736 GB/s
[D2D] size:    65536 KB     cached copy rate:  36.527287 GB/s
[D2D] size:   131072 KB     cached copy rate:  38.505553 GB/s
[D2D] size:   262144 KB     cached copy rate:  39.558783 GB/s
[D2D] size:   524288 KB     cached copy rate:  40.379831 GB/s
[H2D] size:        4 KB     cached copy rate:   0.072682 GB/s
[H2D] size:        8 KB     cached copy rate:   0.145873 GB/s
[H2D] size:       16 KB     cached copy rate:   0.295432 GB/s
[H2D] size:       32 KB     cached copy rate:   0.582268 GB/s
[H2D] size:       64 KB     cached copy rate:   1.095849 GB/s
[H2D] size:      128 KB     cached copy rate:   2.066923 GB/s
[H2D] size:      256 KB     cached copy rate:   3.514298 GB/s
[H2D] size:      512 KB     cached copy rate:   2.848926 GB/s
[H2D] size:     1024 KB     cached copy rate:   4.934238 GB/s
[H2D] size:     2048 KB     cached copy rate:   8.478874 GB/s
[H2D] size:     4096 KB     cached copy rate:   8.744645 GB/s
[H2D] size:     8192 KB     cached copy rate:   9.928226 GB/s
[H2D] size:    16384 KB     cached copy rate:  10.915610 GB/s
[H2D] size:    32768 KB     cached copy rate:  11.774934 GB/s
[H2D] size:    65536 KB     cached copy rate:  12.274178 GB/s
[H2D] size:   131072 KB     cached copy rate:  13.391151 GB/s
[H2D] size:   262144 KB     cached copy rate:  13.500979 GB/s
[H2D] size:   524288 KB     cached copy rate:  13.646707 GB/s
[D2H] size:        4 KB     cached copy rate:   0.073094 GB/s
[D2H] size:        8 KB     cached copy rate:   0.149824 GB/s
[D2H] size:       16 KB     cached copy rate:   0.299317 GB/s
[D2H] size:       32 KB     cached copy rate:   0.585251 GB/s
[D2H] size:       64 KB     cached copy rate:   1.112975 GB/s
[D2H] size:      128 KB     cached copy rate:   2.094680 GB/s
[D2H] size:      256 KB     cached copy rate:   3.635548 GB/s
[D2H] size:      512 KB     cached copy rate:   2.921858 GB/s
[D2H] size:     1024 KB     cached copy rate:   4.890678 GB/s
[D2H] size:     2048 KB     cached copy rate:   8.028084 GB/s
[D2H] size:     4096 KB     cached copy rate:   9.081567 GB/s
[D2H] size:     8192 KB     cached copy rate:   8.864360 GB/s
[D2H] size:    16384 KB     cached copy rate:  11.061899 GB/s
[D2H] size:    32768 KB     cached copy rate:  11.631994 GB/s
[D2H] size:    65536 KB     cached copy rate:  12.249990 GB/s
[D2H] size:   131072 KB     cached copy rate:  13.582417 GB/s
[D2H] size:   262144 KB     cached copy rate:  13.584163 GB/s
[D2H] size:   524288 KB     cached copy rate:  13.916629 GB/s
